APK/Block Blast/GooglePlayGamesManifest.plugin/build/outputs/logs/manifest-merger-debug-report.txt
-- Merging decision tree log ---
manifest
ADDED from Block Blast\GooglePlayGamesManifest.plugin\AndroidManifest.xml:4:1-24:12
INJECTED from Block Blast\GooglePlayGamesManifest.plugin\AndroidManifest.xml:4:1-24:12
INJECTED from Block Blast\GooglePlayGamesManifest.plugin\AndroidManifest.xml:4:1-24:12
INJECTED from Block Blast\GooglePlayGamesManifest.plugin\AndroidManifest.xml:4:1-24:12
INJECTED from Block Blast\GooglePlayGamesManifest.plugin\AndroidManifest.xml:4:1-24:12
INJECTED from Block Blast\GooglePlayGamesManifest.plugin\AndroidManifest.xml:4:1-24:12
INJECTED from Block Blast\GooglePlayGamesManifest.plugin\AndroidManifest.xml:4:1-24:12
	package
		ADDED from Block Blast\GooglePlayGamesManifest.plugin\AndroidManifest.xml:5:5-51
		INJECTED from Block Blast\GooglePlayGamesManifest.plugin\AndroidManifest.xml
		INJECTED from Block Blast\GooglePlayGamesManifest.plugin\AndroidManifest.xml
	android:versionName
		ADDED from Block Blast\GooglePlayGamesManifest.plugin\AndroidManifest.xml:7:5-30
		INJECTED from Block Blast\GooglePlayGamesManifest.plugin\AndroidManifest.xml
		INJECTED from Block Blast\GooglePlayGamesManifest.plugin\AndroidManifest.xml
	xmlns:android
		ADDED from Block Blast\GooglePlayGamesManifest.plugin\AndroidManifest.xml:4:11-69
	android:versionCode
		ADDED from Block Blast\GooglePlayGamesManifest.plugin\AndroidManifest.xml:6:5-28
		INJECTED from Block Blast\GooglePlayGamesManifest.plugin\AndroidManifest.xml
		INJECTED from Block Blast\GooglePlayGamesManifest.plugin\AndroidManifest.xml
application
ADDED from Block Blast\GooglePlayGamesManifest.plugin\AndroidManifest.xml:9:5-23:19
meta-data#com.google.android.gms.games.APP_ID
ADDED from Block Blast\GooglePlayGamesManifest.plugin\AndroidManifest.xml:14:9-15:49
	android:value
		ADDED from Block Blast\GooglePlayGamesManifest.plugin\AndroidManifest.xml:15:13-46
	android:name
		ADDED from Block Blast\GooglePlayGamesManifest.plugin\AndroidManifest.xml:14:20-70
meta-data#com.google.android.gms.games.unityVersion
ADDED from Block Blast\GooglePlayGamesManifest.plugin\AndroidManifest.xml:18:9-19:44
	android:value
		ADDED from Block Blast\GooglePlayGamesManifest.plugin\AndroidManifest.xml:19:13-41
	android:name
		ADDED from Block Blast\GooglePlayGamesManifest.plugin\AndroidManifest.xml:18:20-76
activity#com.google.games.bridge.NativeBridgeActivity
ADDED from Block Blast\GooglePlayGamesManifest.plugin\AndroidManifest.xml:21:9-22:86
	android:theme
		ADDED from Block Blast\GooglePlayGamesManifest.plugin\AndroidManifest.xml:22:13-83
	android:name
		ADDED from Block Blast\GooglePlayGamesManifest.plugin\AndroidManifest.xml:21:19-78
uses-sdk
INJECTED from Block Blast\GooglePlayGamesManifest.plugin\AndroidManifest.xml reason: use-sdk injection requested
INJECTED from Block Blast\GooglePlayGamesManifest.plugin\AndroidManifest.xml
INJECTED from Block Blast\GooglePlayGamesManifest.plugin\AndroidManifest.xml
	android:targetSdkVersion
		INJECTED from Block Blast\GooglePlayGamesManifest.plugin\AndroidManifest.xml
		ADDED from Block Blast\GooglePlayGamesManifest.plugin\AndroidManifest.xml
		INJECTED from Block Blast\GooglePlayGamesManifest.plugin\AndroidManifest.xml